<?xml version="1.0" encoding="UTF-8"?>
<!-- Generated by org.testng.reporters.JUnitXMLReporter -->
<testsuite ignored="0" hostname="WIN-5CG7431DRQ" failures="0" tests="6" name="Test" time="0.257" errors="0" timestamp="2024-05-29T16:36:51 IST">
  <testcase classname="Madhavi_test.TestScenario_1" name="@BeforeMethod setUp" time="-1.716980811445E9">
    <failure type="org.testng.TestNGException" message="
Parameter &amp;apos;browser&amp;apos; is required by BeforeMethod on method setUp but has not been marked @Optional or defined
in D:\Madhavi_java-selenium_Test\Madhavi_java-selenium_Test\Madhavi_java-selenium_Test\ols_testng.xml">
      <![CDATA[org.testng.TestNGException: 
Parameter 'browser' is required by BeforeMethod on method setUp but has not been marked @Optional or defined
in D:\Madhavi_java-selenium_Test\Madhavi_java-selenium_Test\Madhavi_java-selenium_Test\ols_testng.xml
at java.base/java.util.ArrayList.forEach(ArrayList.java:1511)
... Removed 28 stack frames]]>
    </failure>
  </testcase> <!-- @BeforeMethod setUp -->
  <testcase classname="Madhavi_test.TestScenario_1" name="@AfterMethod tearDown" time="-1.716980811492E9">
    <skipped/>
  </testcase> <!-- @AfterMethod tearDown -->
  <testcase classname="com.lambdatest.TestScenario_3" name="@BeforeMethod setUp" time="-1.716980811506E9">
    <failure type="org.testng.TestNGException" message="
Parameter &amp;apos;browser&amp;apos; is required by BeforeMethod on method setUp but has not been marked @Optional or defined
in D:\Madhavi_java-selenium_Test\Madhavi_java-selenium_Test\Madhavi_java-selenium_Test\ols_testng.xml">
      <![CDATA[org.testng.TestNGException: 
Parameter 'browser' is required by BeforeMethod on method setUp but has not been marked @Optional or defined
in D:\Madhavi_java-selenium_Test\Madhavi_java-selenium_Test\Madhavi_java-selenium_Test\ols_testng.xml
at java.base/java.util.ArrayList.forEach(ArrayList.java:1511)
... Removed 28 stack frames]]>
    </failure>
  </testcase> <!-- @BeforeMethod setUp -->
  <testcase classname="com.lambdatest.TestScenario_3" name="@AfterMethod tearDown" time="-1.716980811528E9">
    <skipped/>
  </testcase> <!-- @AfterMethod tearDown -->
  <testcase classname="Madhavi_test.TestScenario_2" name="@BeforeMethod setUp" time="-1.716980811533E9">
    <failure type="org.testng.TestNGException" message="
Parameter &amp;apos;browser&amp;apos; is required by BeforeMethod on method setUp but has not been marked @Optional or defined
in D:\Madhavi_java-selenium_Test\Madhavi_java-selenium_Test\Madhavi_java-selenium_Test\ols_testng.xml">
      <![CDATA[org.testng.TestNGException: 
Parameter 'browser' is required by BeforeMethod on method setUp but has not been marked @Optional or defined
in D:\Madhavi_java-selenium_Test\Madhavi_java-selenium_Test\Madhavi_java-selenium_Test\ols_testng.xml
at java.base/java.util.ArrayList.forEach(ArrayList.java:1511)
... Removed 28 stack frames]]>
    </failure>
  </testcase> <!-- @BeforeMethod setUp -->
  <testcase classname="Madhavi_test.TestScenario_2" name="@AfterMethod tearDown" time="-1.71698081155E9">
    <skipped/>
  </testcase> <!-- @AfterMethod tearDown -->
  <testcase classname="Madhavi_test.TestScenario_3" name="@BeforeMethod setUp" time="-1.716980811564E9">
    <failure type="org.testng.TestNGException" message="
Parameter &amp;apos;browser&amp;apos; is required by BeforeMethod on method setUp but has not been marked @Optional or defined
in D:\Madhavi_java-selenium_Test\Madhavi_java-selenium_Test\Madhavi_java-selenium_Test\ols_testng.xml">
      <![CDATA[org.testng.TestNGException: 
Parameter 'browser' is required by BeforeMethod on method setUp but has not been marked @Optional or defined
in D:\Madhavi_java-selenium_Test\Madhavi_java-selenium_Test\Madhavi_java-selenium_Test\ols_testng.xml
at java.base/java.util.ArrayList.forEach(ArrayList.java:1511)
... Removed 28 stack frames]]>
    </failure>
  </testcase> <!-- @BeforeMethod setUp -->
  <testcase classname="Madhavi_test.TestScenario_3" name="@AfterMethod tearDown" time="-1.716980811595E9">
    <skipped/>
  </testcase> <!-- @AfterMethod tearDown -->
  <testcase classname="com.lambdatest.TestScenario_2" name="@BeforeMethod setUp" time="-1.716980811598E9">
    <failure type="org.testng.TestNGException" message="
Parameter &amp;apos;browser&amp;apos; is required by BeforeMethod on method setUp but has not been marked @Optional or defined
in D:\Madhavi_java-selenium_Test\Madhavi_java-selenium_Test\Madhavi_java-selenium_Test\ols_testng.xml">
      <![CDATA[org.testng.TestNGException: 
Parameter 'browser' is required by BeforeMethod on method setUp but has not been marked @Optional or defined
in D:\Madhavi_java-selenium_Test\Madhavi_java-selenium_Test\Madhavi_java-selenium_Test\ols_testng.xml
at java.base/java.util.ArrayList.forEach(ArrayList.java:1511)
... Removed 28 stack frames]]>
    </failure>
  </testcase> <!-- @BeforeMethod setUp -->
  <testcase classname="com.lambdatest.TestScenario_2" name="@AfterMethod tearDown" time="-1.716980811616E9">
    <skipped/>
  </testcase> <!-- @AfterMethod tearDown -->
  <testcase classname="com.lambdatest.TestScenario_1" name="@BeforeMethod setUp" time="-1.716980811622E9">
    <failure type="org.testng.TestNGException" message="
Parameter &amp;apos;browser&amp;apos; is required by BeforeMethod on method setUp but has not been marked @Optional or defined
in D:\Madhavi_java-selenium_Test\Madhavi_java-selenium_Test\Madhavi_java-selenium_Test\ols_testng.xml">
      <![CDATA[org.testng.TestNGException: 
Parameter 'browser' is required by BeforeMethod on method setUp but has not been marked @Optional or defined
in D:\Madhavi_java-selenium_Test\Madhavi_java-selenium_Test\Madhavi_java-selenium_Test\ols_testng.xml
at java.base/java.util.ArrayList.forEach(ArrayList.java:1511)
... Removed 28 stack frames]]>
    </failure>
  </testcase> <!-- @BeforeMethod setUp -->
  <testcase classname="com.lambdatest.TestScenario_1" name="@AfterMethod tearDown" time="-1.716980811633E9">
    <skipped/>
  </testcase> <!-- @AfterMethod tearDown -->
  <testcase classname="Madhavi_test.TestScenario_1" name="TestScenario1" time="0.0">
    <skipped/>
  </testcase> <!-- TestScenario1 -->
  <testcase classname="com.lambdatest.TestScenario_3" name="testScenariothree" time="0.0">
    <skipped/>
  </testcase> <!-- testScenariothree -->
  <testcase classname="Madhavi_test.TestScenario_2" name="TestScenario2" time="0.0">
    <skipped/>
  </testcase> <!-- TestScenario2 -->
  <testcase classname="Madhavi_test.TestScenario_3" name="TestScenario3" time="0.0">
    <skipped/>
  </testcase> <!-- TestScenario3 -->
  <testcase classname="com.lambdatest.TestScenario_2" name="testScenariotwo" time="0.0">
    <skipped/>
  </testcase> <!-- testScenariotwo -->
  <testcase classname="com.lambdatest.TestScenario_1" name="testScenarioone" time="0.0">
    <skipped/>
  </testcase> <!-- testScenarioone -->
</testsuite> <!-- Test -->
